Android-2015/第十三讲、Android网络通信/Network/app/build/outputs/logs/manifest-merger-debug-report.txt
-- Merging decision tree log ---
manifest
ADDED from src/main/AndroidManifest.xml:2:1-30:12
	package
		ADDED from src/main/AndroidManifest.xml:3:5-29
		INJECTED from src/main/AndroidManifest.xml
		INJECTED from src/main/AndroidManifest.xml
	android:versionName
		ADDED from src/main/AndroidManifest.xml:5:5-30
		INJECTED from src/main/AndroidManifest.xml
		INJECTED from src/main/AndroidManifest.xml
	android:versionCode
		ADDED from src/main/AndroidManifest.xml:4:5-28
		INJECTED from src/main/AndroidManifest.xml
		INJECTED from src/main/AndroidManifest.xml
	xmlns:android
		ADDED from src/main/AndroidManifest.xml:2:11-69
uses-sdk
ADDED from src/main/AndroidManifest.xml:7:5-9:41
MERGED from [com.android.support:appcompat-v7:22.2.1] AndroidManifest.xml:20:5-43
MERGED from [com.android.support:support-v4:22.2.1] AndroidManifest.xml:20:5-43
MERGED from [com.android.support:support-v4:22.2.1] AndroidManifest.xml:20:5-43
	android:targetSdkVersion
		ADDED from src/main/AndroidManifest.xml:9:9-38
		INJECTED from src/main/AndroidManifest.xml
		INJECTED from src/main/AndroidManifest.xml
	android:minSdkVersion
		ADDED from src/main/AndroidManifest.xml:8:9-34
		INJECTED from src/main/AndroidManifest.xml
		INJECTED from src/main/AndroidManifest.xml
uses-permission#android.permission.INTERNET
ADDED from src/main/AndroidManifest.xml:11:5-67
	android:name
		ADDED from src/main/AndroidManifest.xml:11:22-64
uses-permission#android.permission.WRITE_EXTERNAL_STORAGE
ADDED from src/main/AndroidManifest.xml:12:5-81
	android:name
		ADDED from src/main/AndroidManifest.xml:12:22-78
application
ADDED from src/main/AndroidManifest.xml:13:5-28:19
MERGED from [com.android.support:appcompat-v7:22.2.1] AndroidManifest.xml:22:5-20
MERGED from [com.android.support:support-v4:22.2.1] AndroidManifest.xml:22:5-20
MERGED from [com.android.support:support-v4:22.2.1] AndroidManifest.xml:22:5-20
	android:label
		ADDED from src/main/AndroidManifest.xml:16:9-41
	android:allowBackup
		ADDED from src/main/AndroidManifest.xml:14:9-35
	android:icon
		ADDED from src/main/AndroidManifest.xml:15:9-45
	android:theme
		ADDED from src/main/AndroidManifest.xml:17:9-40
activity#com.ht.network.MainActivity
ADDED from src/main/AndroidManifest.xml:18:9-26:20
	android:label
		ADDED from src/main/AndroidManifest.xml:20:13-45
	android:name
		ADDED from src/main/AndroidManifest.xml:19:13-41
intent-filter#android.intent.action.MAIN+android.intent.category.LAUNCHER
ADDED from src/main/AndroidManifest.xml:21:13-25:29
action#android.intent.action.MAIN
ADDED from src/main/AndroidManifest.xml:22:17-69
	android:name
		ADDED from src/main/AndroidManifest.xml:22:25-66
category#android.intent.category.LAUNCHER
ADDED from src/main/AndroidManifest.xml:24:17-77
	android:name
		ADDED from src/main/AndroidManifest.xml:24:27-74